<?xml version="1.0" encoding="UTF-8"?>
<!-- Generated by org.testng.reporters.JUnitReportReporter -->
<testsuite hostname="DESKTOP-FSL8CGI" name="com.TestRunner.Json" tests="2" failures="0" timestamp="5 May 2020 08:12:15 GMT" time="0.015" errors="0">
  <testcase name="test" time="0.002" classname="com.TestRunner.Json"/>
  <testcase name="test" time="0.013" classname="com.TestRunner.Json"/>
</testsuite> <!-- com.TestRunner.Json -->
